<?xml version="1.0" encoding="utf-8"?><testsuites><testsuite name="pytest" errors="0" failures="0" skipped="0" tests="37" time="1.194" timestamp="2026-09-12T06:59:40.978646+00:00" hostname="runnervmlun5p"><testcase classname="tests.test_agent" name="test_agent_returns_cited_answer" time="0.049" /><testcase classname="tests.test_agent" name="test_agent_supports_mvp_options" time="0.023" /><testcase classname="tests.test_agent" name="test_output_styles_change_answer_structure" time="0.052" /><testcase classname="tests.test_agent" name="test_different_questions_get_targeted_sections" time="0.050" /><testcase classname="tests.test_agent" name="test_retrieval_prioritizes_question_relevance_over_live_status" time="0.016" /><testcase classname="tests.test_agent" name="test_answer_reports_evidence_fit_and_support_strength" time="0.021" /><testcase classname="tests.test_agent" name="test_source_urls_prefer_specific_records_over_generic_portal" time="0.000" /><testcase classname="tests.test_agent" name="test_answer_cards_do_not_use_generic_library_portal_as_open_url" time="0.028" /><testcase classname="tests.test_agent" name="test_get_record_returns_official_snapshot_record" time="0.015" /><testcase classname="tests.test_agent" name="test_finance_boundary_is_guarded" time="0.023" /><testcase classname="tests.test_agent" name="test_contextlens_returns_investigation_dossier" time="0.042" /><testcase classname="tests.test_agent" name="test_public_task_modes_are_supported" time="0.144" /><testcase classname="tests.test_agent" name="test_contextlens_public_modes_have_award_readiness_and_source_passports" time="0.035" /><testcase classname="tests.test_agent" name="test_expanded_demo_seed_pool_prefers_relevance_over_card_quota" time="0.034" /><testcase classname="tests.test_place_investigation" name="test_official_adapter_field_normalization" time="0.001" /><testcase classname="tests.test_place_investigation" name="test_payload_and_jsonld_uri_helpers" time="0.000" /><testcase classname="tests.test_place_investigation" name="test_old_name_resolution_and_flagship_timeline" time="0.002" /><testcase classname="tests.test_place_investigation" name="test_arbitrary_year_map_catalog_and_landmark_models" time="0.001" /><testcase classname="tests.test_place_investigation" name="test_nanjing_ambiguity_and_negative_case" time="0.001" /><testcase classname="tests.test_place_investigation" name="test_expanded_curated_place_coverage_uses_official_entities" time="0.004" /><testcase classname="tests.test_place_investigation" name="test_director_maps_models_and_interactions_stay_evidence_bounded" time="0.002" /><testcase classname="tests.test_place_investigation" name="test_frontend_privacy_and_explicit_scope_boundaries" time="0.001" /><testcase classname="tests.test_place_investigation" name="test_archive_network_keeps_people_and_institutions_evidence_bound" time="0.000" /><testcase classname="tests.test_place_investigation" name="test_optional_deepseek_prompt_and_citations_are_evidence_gated" time="0.001" /><testcase classname="tests.test_place_investigation" name="test_relation_gate_and_evidence_deletion_downgrade" time="0.000" /><testcase classname="tests.test_place_investigation" name="test_verified_tls_and_private_audit_log" time="0.020" /><testcase classname="tests.test_place_investigation" name="test_verified_cache_survives_network_failure_without_leaking_key" time="0.019" /><testcase classname="tests.test_place_investigation" name="test_legacy_audit_log_is_migrated_to_hashes" time="0.001" /><testcase classname="tests.test_place_investigation" name="test_real_investigation_states_and_browser_only_memory_contract" time="0.022" /><testcase classname="tests.test_vercel_api" name="test_snapshot_health_has_real_counts" time="0.005" /><testcase classname="tests.test_vercel_api" name="test_hosted_investigation_finishes_without_job_storage" time="0.002" /><testcase classname="tests.test_vercel_api" name="test_client_candidate_content_cannot_inject_evidence" time="0.002" /><testcase classname="tests.test_vercel_api" name="test_unknown_candidate_is_rejected" time="0.000" /><testcase classname="tests.test_vercel_api" name="test_ambiguity_and_unresolved_inputs_do_not_create_dossiers" time="0.001" /><testcase classname="tests.test_vercel_api" name="test_bad_json_objects_are_rejected" time="0.000" /><testcase classname="tests.test_vercel_api" name="test_public_flags_do_not_enable_live_or_model_calls" time="0.002" /><testcase classname="tests.test_vercel_api" name="test_vercel_paths_do_not_write_to_bundled_data" time="0.101" /></testsuite></testsuites>